DEBUG main io.netty.util.internal.logging.InternalLoggerFactory - Using SLF4J as the default logging framework
DEBUG main io.netty.util.ResourceLeakDetector - -Dio.netty.leakDetection.level: simple
DEBUG main io.netty.util.ResourceLeakDetector - -Dio.netty.leakDetection.targetRecords: 4
DEBUG main io.netty.util.ResourceLeakDetectorFactory - Loaded default ResourceLeakDetector: io.netty.util.ResourceLeakDetector@27ce24aa
DEBUG main io.netty.util.internal.PlatformDependent0 - -Dio.netty.noUnsafe: false
DEBUG main io.netty.util.internal.PlatformDependent0 - Java version: 8
DEBUG main io.netty.util.internal.PlatformDependent0 - sun.misc.Unsafe.theUnsafe: available
DEBUG main io.netty.util.internal.PlatformDependent0 - sun.misc.Unsafe.copyMemory: available
DEBUG main io.netty.util.internal.PlatformDependent0 - sun.misc.Unsafe.storeFence: available
DEBUG main io.netty.util.internal.PlatformDependent0 - java.nio.Buffer.address: available
DEBUG main io.netty.util.internal.PlatformDependent0 - direct buffer constructor: available
DEBUG main io.netty.util.internal.PlatformDependent0 - java.nio.Bits.unaligned: available, true
DEBUG main io.netty.util.internal.PlatformDependent0 - jdk.internal.misc.Unsafe.allocateUninitializedArray(int): unavailable prior to Java9
DEBUG main io.netty.util.internal.PlatformDependent0 - java.nio.DirectByteBuffer.<init>(long, int): available
DEBUG main io.netty.util.internal.PlatformDependent - sun.misc.Unsafe: available
DEBUG main io.netty.util.internal.PlatformDependent - -Dio.netty.tmpdir: /var/folders/k5/8yn_zp8j2f94s8ztfb7cg4qc0000gn/T (java.io.tmpdir)
DEBUG main io.netty.util.internal.PlatformDependent - -Dio.netty.bitMode: 64 (sun.arch.data.model)
DEBUG main io.netty.util.internal.PlatformDependent - Platform: MacOS
DEBUG main io.netty.util.internal.PlatformDependent - -Dio.netty.maxDirectMemory: 3817865216 bytes
DEBUG main io.netty.util.internal.PlatformDependent - -Dio.netty.uninitializedArrayAllocationThreshold: -1
DEBUG main io.netty.util.internal.CleanerJava6 - java.nio.ByteBuffer.cleaner(): available
DEBUG main io.netty.util.internal.PlatformDependent - -Dio.netty.noPreferDirect: false
DEBUG main io.netty.util.internal.PlatformDependent - org.jctools-core.MpscChunkedArrayQueue: available
DEBUG main io.netty.util.internal.InternalThreadLocalMap - -Dio.netty.threadLocalMap.stringBuilder.initialSize: 1024
DEBUG main io.netty.util.internal.InternalThreadLocalMap - -Dio.netty.threadLocalMap.stringBuilder.maxSize: 4096
DEBUG main io.netty.handler.ssl.JdkSslContext - Default protocols (JDK): [TLSv1.2] 
DEBUG main io.netty.handler.ssl.JdkSslContext - Default cipher suites (JDK): [TLS_ECDHE_ECDSA_WITH_AES_256_GCM_SHA384, TLS_ECDHE_ECDSA_WITH_AES_128_GCM_SHA256, TLS_ECDHE_RSA_WITH_AES_128_GCM_SHA256, TLS_ECDHE_RSA_WITH_AES_256_GCM_SHA384, TLS_ECDHE_RSA_WITH_AES_128_CBC_SHA, TLS_ECDHE_RSA_WITH_AES_256_CBC_SHA, TLS_RSA_WITH_AES_128_GCM_SHA256, TLS_RSA_WITH_AES_128_CBC_SHA, TLS_RSA_WITH_AES_256_CBC_SHA, TLS_AES_128_GCM_SHA256, TLS_AES_256_GCM_SHA384]
DEBUG main io.netty.util.concurrent.GlobalEventExecutor - -Dio.netty.globalEventExecutor.quietPeriodSeconds: 1
DEBUG main io.netty.channel.MultithreadEventLoopGroup - -Dio.netty.eventLoopThreads: 8
DEBUG main io.netty.channel.nio.NioEventLoop - -Dio.netty.noKeySetOptimization: false
DEBUG main io.netty.channel.nio.NioEventLoop - -Dio.netty.selectorAutoRebuildThreshold: 512
DEBUG main io.netty.buffer.PooledByteBufAllocator - -Dio.netty.allocator.numHeapArenas: 8
DEBUG main io.netty.buffer.PooledByteBufAllocator - -Dio.netty.allocator.numDirectArenas: 8
DEBUG main io.netty.buffer.PooledByteBufAllocator - -Dio.netty.allocator.pageSize: 8192
DEBUG main io.netty.buffer.PooledByteBufAllocator - -Dio.netty.allocator.maxOrder: 9
DEBUG main io.netty.buffer.PooledByteBufAllocator - -Dio.netty.allocator.chunkSize: 4194304
DEBUG main io.netty.buffer.PooledByteBufAllocator - -Dio.netty.allocator.smallCacheSize: 256
DEBUG main io.netty.buffer.PooledByteBufAllocator - -Dio.netty.allocator.normalCacheSize: 64
DEBUG main io.netty.buffer.PooledByteBufAllocator - -Dio.netty.allocator.maxCachedBufferCapacity: 32768
DEBUG main io.netty.buffer.PooledByteBufAllocator - -Dio.netty.allocator.cacheTrimInterval: 8192
DEBUG main io.netty.buffer.PooledByteBufAllocator - -Dio.netty.allocator.cacheTrimIntervalMillis: 0
DEBUG main io.netty.buffer.PooledByteBufAllocator - -Dio.netty.allocator.useCacheForAllThreads: false
DEBUG main io.netty.buffer.PooledByteBufAllocator - -Dio.netty.allocator.maxCachedByteBuffersPerChunk: 1023
DEBUG main io.netty.buffer.ByteBufUtil - -Dio.netty.allocator.type: pooled
DEBUG main io.netty.buffer.ByteBufUtil - -Dio.netty.threadLocalDirectBufferSize: 0
DEBUG main io.netty.buffer.ByteBufUtil - -Dio.netty.maxThreadLocalCharBufferSize: 16384
DEBUG Forwarding newSession on session null to remote io.netty.channel.DefaultChannelId - -Dio.netty.processId: 3802 (auto-detected)
DEBUG Forwarding newSession on session null to remote io.netty.util.NetUtil - -Djava.net.preferIPv4Stack: false
DEBUG Forwarding newSession on session null to remote io.netty.util.NetUtil - -Djava.net.preferIPv6Addresses: false
DEBUG Forwarding newSession on session null to remote io.netty.util.NetUtilInitializations - Loopback interface: lo0 (lo0, 0:0:0:0:0:0:0:1%lo0)
DEBUG Forwarding newSession on session null to remote io.netty.util.NetUtil - Failed to get SOMAXCONN from sysctl and file /proc/sys/net/core/somaxconn. Default: 128
DEBUG Forwarding newSession on session null to remote io.netty.channel.DefaultChannelId - -Dio.netty.machineId: 10:40:f3:ff:fe:ee:3a:70 (auto-detected)
DEBUG AsyncHttpClient-1-2 io.netty.buffer.AbstractByteBuf - -Dio.netty.buffer.checkAccessible: true
DEBUG AsyncHttpClient-1-2 io.netty.buffer.AbstractByteBuf - -Dio.netty.buffer.checkBounds: true
DEBUG AsyncHttpClient-1-2 io.netty.util.ResourceLeakDetectorFactory - Loaded default ResourceLeakDetector: io.netty.util.ResourceLeakDetector@4ba35265
DEBUG AsyncHttpClient-1-2 org.asynchttpclient.netty.channel.NettyConnectListener - Using new Channel '[id: 0x18a7d9fd, L:/127.0.0.1:60008 - R:localhost/127.0.0.1:28355]' for 'POST' to '/session'
DEBUG AsyncHttpClient-1-2 io.netty.util.Recycler - -Dio.netty.recycler.maxCapacityPerThread: 4096
DEBUG AsyncHttpClient-1-2 io.netty.util.Recycler - -Dio.netty.recycler.ratio: 8
DEBUG AsyncHttpClient-1-2 io.netty.util.Recycler - -Dio.netty.recycler.chunkSize: 32
DEBUG AsyncHttpClient-1-2 io.netty.util.Recycler - -Dio.netty.recycler.blocking: false
DEBUG AsyncHttpClient-1-2 io.netty.util.Recycler - -Dio.netty.recycler.batchFastThreadLocalOnly: true
DEBUG AsyncHttpClient-1-2 io.netty.handler.codec.compression.Brotli - brotli4j not in the classpath; Brotli support will be unavailable.
DEBUG AsyncHttpClient-1-2 org.asynchttpclient.netty.handler.HttpHandler - 

Request DefaultHttpRequest(decodeResult: success, version: HTTP/1.1)
POST /session HTTP/1.1
User-Agent: selenium/4.10.0 (java mac)
Content-Length: 254
Content-Type: application/json; charset=utf-8
host: localhost:28355
accept: */*

Response DefaultHttpResponse(decodeResult: success, version: HTTP/1.1)
HTTP/1.1 200 OK
Content-Length: 870
Content-Type: application/json; charset=utf-8
cache-control: no-cache

DEBUG AsyncHttpClient-1-2 org.asynchttpclient.netty.channel.ChannelManager - Adding key: http://localhost:28355 for channel [id: 0x18a7d9fd, L:/127.0.0.1:60008 - R:localhost/127.0.0.1:28355]
DEBUG AsyncHttpClient-1-3 org.asynchttpclient.netty.channel.NettyConnectListener - Using new Channel '[id: 0xd3e455f9, L:/127.0.0.1:60014 - R:localhost/127.0.0.1:60009]' for 'GET' to '/json/version'
DEBUG AsyncHttpClient-1-3 org.asynchttpclient.netty.handler.HttpHandler - 

Request DefaultFullHttpRequest(decodeResult: success, version: HTTP/1.1, content: EmptyByteBufBE)
GET /json/version HTTP/1.1
User-Agent: selenium/4.10.0 (java mac)
host: localhost:60009
accept: */*

Response DefaultHttpResponse(decodeResult: success, version: HTTP/1.1)
HTTP/1.1 200 OK
Content-Security-Policy: frame-ancestors 'none'
Content-Length: 422
Content-Type: application/json; charset=UTF-8

DEBUG AsyncHttpClient-1-3 org.asynchttpclient.netty.channel.ChannelManager - Adding key: http://localhost:60009 for channel [id: 0xd3e455f9, L:/127.0.0.1:60014 - R:localhost/127.0.0.1:60009]
DEBUG main io.netty.util.internal.ThreadLocalRandom - -Dio.netty.initialSeedUniquifier: 0x6363c02450989935
DEBUG AsyncHttpClient-1-4 org.asynchttpclient.netty.channel.NettyConnectListener - Using new Channel '[id: 0x46e17e44, L:/127.0.0.1:60015 - R:localhost/127.0.0.1:60009]' for 'GET' to '/devtools/browser/06131d0f-6ebb-44d4-8bf7-544de2932740'
DEBUG AsyncHttpClient-1-4 org.asynchttpclient.netty.handler.WebSocketHandler - 

Request DefaultFullHttpRequest(decodeResult: success, version: HTTP/1.1, content: EmptyByteBufBE)
GET /devtools/browser/06131d0f-6ebb-44d4-8bf7-544de2932740 HTTP/1.1
upgrade: websocket
connection: upgrade
sec-websocket-key: vvAVrjyzLwQxrWTWvcrMQw==
sec-websocket-version: 13
origin: http://localhost:60009
host: localhost:60009
accept: */*
user-agent: AHC/2.1

Response DefaultHttpResponse(decodeResult: success, version: HTTP/1.1)
HTTP/1.1 101 WebSocket Protocol Handshake
Upgrade: WebSocket
Connection: Upgrade
Sec-WebSocket-Accept: DMMJg/6/d5/tsOZfEdYJOpqfyiE=

DEBUG Forwarding get on session 20cf5547c62c5bd63b966ccddf5ac54e to remote org.asynchttpclient.netty.request.NettyRequestSender - Using pooled Channel '[id: 0x18a7d9fd, L:/127.0.0.1:60008 - R:localhost/127.0.0.1:28355]' for 'POST' to 'http://localhost:28355/session/20cf5547c62c5bd63b966ccddf5ac54e/url'
DEBUG Forwarding get on session 20cf5547c62c5bd63b966ccddf5ac54e to remote org.asynchttpclient.netty.request.NettyRequestSender - Using open Channel [id: 0x18a7d9fd, L:/127.0.0.1:60008 - R:localhost/127.0.0.1:28355] for POST '/session/20cf5547c62c5bd63b966ccddf5ac54e/url'
DEBUG AsyncHttpClient-1-1 org.asynchttpclient.netty.channel.DefaultChannelPool - Entry count for : http://localhost:60009 : 1
DEBUG AsyncHttpClient-1-1 org.asynchttpclient.netty.channel.DefaultChannelPool - Entry count for : http://localhost:60009 : 1
DEBUG AsyncHttpClient-1-1 org.asynchttpclient.netty.channel.DefaultChannelPool - Entry count for : http://localhost:60009 : 1
DEBUG AsyncHttpClient-1-1 org.asynchttpclient.netty.channel.DefaultChannelPool - Entry count for : http://localhost:60009 : 1
DEBUG AsyncHttpClient-1-1 org.asynchttpclient.netty.channel.DefaultChannelPool - Entry count for : http://localhost:60009 : 1
DEBUG AsyncHttpClient-1-1 org.asynchttpclient.netty.channel.DefaultChannelPool - Entry count for : http://localhost:60009 : 1
DEBUG AsyncHttpClient-1-2 org.asynchttpclient.netty.handler.HttpHandler - 

Request DefaultHttpRequest(decodeResult: success, version: HTTP/1.1)
POST /session/20cf5547c62c5bd63b966ccddf5ac54e/url HTTP/1.1
User-Agent: selenium/4.10.0 (java mac)
Content-Length: 52
Content-Type: application/json; charset=utf-8
host: localhost:28355
accept: */*

Response DefaultHttpResponse(decodeResult: success, version: HTTP/1.1)
HTTP/1.1 200 OK
Content-Length: 14
Content-Type: application/json; charset=utf-8
cache-control: no-cache

DEBUG AsyncHttpClient-1-2 org.asynchttpclient.netty.channel.ChannelManager - Adding key: http://localhost:28355 for channel [id: 0x18a7d9fd, L:/127.0.0.1:60008 - R:localhost/127.0.0.1:28355]
DEBUG Forwarding close on session 20cf5547c62c5bd63b966ccddf5ac54e to remote org.asynchttpclient.netty.request.NettyRequestSender - Using pooled Channel '[id: 0x18a7d9fd, L:/127.0.0.1:60008 - R:localhost/127.0.0.1:28355]' for 'DELETE' to 'http://localhost:28355/session/20cf5547c62c5bd63b966ccddf5ac54e/window'
DEBUG Forwarding close on session 20cf5547c62c5bd63b966ccddf5ac54e to remote org.asynchttpclient.netty.request.NettyRequestSender - Using open Channel [id: 0x18a7d9fd, L:/127.0.0.1:60008 - R:localhost/127.0.0.1:28355] for DELETE '/session/20cf5547c62c5bd63b966ccddf5ac54e/window'
DEBUG AsyncHttpClient-1-1 org.asynchttpclient.netty.channel.DefaultChannelPool - Entry count for : http://localhost:60009 : 1
DEBUG AsyncHttpClient-1-4 org.asynchttpclient.netty.handler.WebSocketHandler - Channel Closed: [id: 0x46e17e44, L:/127.0.0.1:60015 ! R:localhost/127.0.0.1:60009] with attribute NettyResponseFuture{currentRetry=0,
	isDone=1,
	isCancelled=0,
	asyncHandler=org.asynchttpclient.ws.WebSocketUpgradeHandler@7e8cb83e,
	nettyRequest=org.asynchttpclient.netty.request.NettyRequest@22a52ef5,
	future=java.util.concurrent.CompletableFuture@209d2791[Completed normally],
	uri=ws://localhost:60009/devtools/browser/06131d0f-6ebb-44d4-8bf7-544de2932740,
	keepAlive=true,
	redirectCount=0,
	timeoutsHolder=null,
	inAuth=0,
	touch=1688477296150}
DEBUG AsyncHttpClient-1-4 org.asynchttpclient.netty.channel.ChannelManager - Closing Channel [id: 0x46e17e44, L:/127.0.0.1:60015 ! R:localhost/127.0.0.1:60009] 
DEBUG AsyncHttpClient-1-3 org.asynchttpclient.netty.handler.HttpHandler - Channel Closed: [id: 0xd3e455f9, L:/127.0.0.1:60014 ! R:localhost/127.0.0.1:60009] with attribute DISCARD
DEBUG AsyncHttpClient-1-2 org.asynchttpclient.netty.handler.HttpHandler - 

Request DefaultFullHttpRequest(decodeResult: success, version: HTTP/1.1, content: EmptyByteBufBE)
DELETE /session/20cf5547c62c5bd63b966ccddf5ac54e/window HTTP/1.1
User-Agent: selenium/4.10.0 (java mac)
Content-Type: application/json; charset=utf-8
host: localhost:28355
accept: */*

Response DefaultHttpResponse(decodeResult: success, version: HTTP/1.1)
HTTP/1.1 200 OK
Content-Length: 12
Content-Type: application/json; charset=utf-8
cache-control: no-cache

DEBUG AsyncHttpClient-1-2 org.asynchttpclient.netty.channel.ChannelManager - Adding key: http://localhost:28355 for channel [id: 0x18a7d9fd, L:/127.0.0.1:60008 - R:localhost/127.0.0.1:28355]
